-7 -7 -7 -7 1005 -680 -0.392725 0 0 0 
-11 -11 -11 -11 1005 -680 -0.392725 0 0 0 
-15 -15 -15 -15 1003.58 -679.458 -0.392725 0 0 0 
-19 -19 -19 -19 1000.25 -678.192 -0.392725 0 0 0 
-23 -23 -23 -23 995.026 -676.204 -0.392725 0 0 0 
-27 -27 -27 -27 987.902 -673.493 -0.392725 0 0 0 
-31 -31 -31 -31 978.878 -670.058 -0.392725 0 0 0 
-35 -35 -35 -35 967.954 -665.901 -0.392725 0 0 0 
-39 -39 -39 -39 955.131 -661.02 -0.392725 0 0 0 
-43 -43 -43 -43 940.408 -655.417 -0.392725 0 0 0 
-47 -46 -47 -46 923.785 -649.09 -0.392725 0 0 0 
-51 -50 -51 -50 905.262 -642.04 -0.392725 0 0 0 
-55 -54 -55 -54 884.839 -634.268 -0.392725 0 0 0 
-59 -58 -59 -58 840.621 -617.565 -0.387408 0 0 0 
-63 -62 -63 -62 792.495 -599.66 -0.382091 0 0 0 
-67 -66 -67 -66 740.446 -580.591 -0.376774 0 0 0 
-71 -70 -71 -70 684.459 -560.396 -0.371457 0 0 0 
-75 -74 -75 -74 624.52 -539.112 -0.36614 0 0 0 
-79 -78 -79 -78 560.614 -516.779 -0.360823 0 0 0 
-83 -82 -83 -82 492.729 -493.433 -0.355507 0 0 0 
-87 -87 -87 -87 420.85 -469.113 -0.35019 0 0 0 
-91 -91 -91 -91 344.965 -443.857 -0.344873 0 0 0 
-95 -95 -95 -95 265.06 -417.705 -0.339556 0 0 0 
-99 -99 -99 -99 222.889 -404.019 -0.339556 0 0 0 
-103 -103 -103 -103 178.779 -389.703 -0.339556 0 0 0 
-106 -107 -106 -107 132.73 -374.758 -0.339556 0 0 0 
-107 -110 -107 -110 84.7418 -359.184 -0.339556 0 0 0 
-104 -112 -104 -112 34.8149 -342.981 -0.339556 0 0 0 
-70 -98 -70 -98 -68.3346 -309.221 -0.344873 0 0 0 
-14 -76 -14 -76 -173.016 -273.802 -0.360823 0 0 0 
41 -55 41 -55 -276.042 -235.765 -0.403359 0 0 0 
49 -50 49 -50 -352.665 -199.312 -0.552233 0 0 0 
44 -49 44 -49 -387.381 -171.503 -0.881882 0 0 0 
-2 -62 -2 -62 -390.372 -165.568 -1.39231 0 0 0 
-66 -80 -66 -80 -390.329 -165.102 -1.91868 0 0 0 
-91 -91 -91 -91 -388.903 -163.167 -2.41316 0 0 0 
-82 -70 -82 -70 -361.302 -146.951 -2.73217 0 0 0 
-75 -58 -75 -58 -291.402 -121.878 -2.80661 0 0 0 
-70 -52 -70 -52 -247.221 -107.748 -2.80661 0 0 0 
-67 -50 -67 -50 -174.293 -81.9997 -2.74281 0 0 0 
-64 -50 -64 -50 -112.57 -55.026 -2.65242 0 0 0 
-65 -59 -65 -59 -58.7018 -25.5582 -2.55671 0 0 0 
22 50 22 50 -10.1202 6.99103 -2.46633 0 0 0 
31 -25 31 -25 34.2183 42.182 -2.39189 0 0 0 
30 -21 30 -21 80.1726 82.7682 -2.35999 0 0 0 
26 -25 26 -25 55.935 57.1079 -2.21111 0 0 0 
26 -16 26 -16 53.7538 55.119 -2.50886 0 0 0 
29 0 29 0 49.6996 53.0979 -2.78002 0 0 0 
31 14 31 14 49.2001 52.9924 -3.05119 0 0 0 
32 26 32 26 44.0712 53.0925 3.00869 0 0 0 
39 39 39 39 29.5048 55.945 2.8545 0 0 0 
29 33 29 33 7.64411 62.876 2.76411 0 0 0 
7 23 7 23 -19.8933 73.3776 2.73221 0 0 0 
-8 15 -8 15 -38.2857 80.7098 2.73221 0 0 0 
11 -12 11 -12 -67.6576 92.0795 2.75348 0 0 0 
9 -10 9 -10 -82.1638 96.8779 2.83855 0 0 0 
-9 10 -9 10 -85.6554 97.6695 2.96084 0 0 0 
9 -10 9 -10 -85.1566 97.5564 2.83855 0 0 0 
8 -10 8 -10 -84.6745 97.3929 2.73753 0 0 0 
9 -10 9 -10 -85.1566 97.5564 2.83855 0 0 0 
8 -10 8 -10 -84.6745 97.3929 2.73753 0 0 0 
7 -11 7 -11 -83.7499 96.9806 2.64182 0 0 0 
5 -12 5 -12 -83.3119 96.7337 2.5408 0 0 0 
3 -13 3 -13 -82.4929 96.1632 2.44509 0 0 0 
1 -14 1 -14 -80.981 94.8837 2.34939 0 0 0 
-1 -15 -1 -15 -78.5729 92.4284 2.259 0 0 0 
-4 -17 -4 -17 -75.4805 88.6571 2.17393 0 0 0 
-7 -18 -7 -18 -71.9131 83.4668 2.09418 0 0 0 
-12 -21 -12 -21 -68.0708 76.7869 2.01974 0 0 0 
-16 -23 -16 -23 -63.725 67.7095 1.95062 0 0 0 
-22 -26 -22 -26 -59.3117 56.6213 1.89213 0 0 0 
-31 -31 -31 -31 -54.3408 41.7204 1.84428 0 0 0 
-26 -22 -26 -22 -49.2862 23.8961 1.80706 0 0 0 
-12 9 -12 9 -43.7657 1.79977 1.7858 0 0 0 
12 -4 12 -4 -40.3657 -12.505 1.7858 0 0 0 
24 24 24 24 -34.8452 -34.6013 1.80706 0 0 0 
28 27 28 27 -34.4014 -35.9576 1.91872 0 0 0 
31 30 31 30 -35.6375 -32.3549 1.83365 0 0 0 
22 10 22 10 -38.8433 -21.4086 1.83365 0 0 0 
-14 6 -14 6 -46.1174 3.69459 1.82833 0 0 0 
-27 -26 -27 -26 -54.0238 31.5753 1.82301 0 0 0 
-32 -32 -32 -32 -57.6182 46.3217 1.75921 0 0 0 
-35 -36 -35 -36 -56.6348 42.6546 1.86555 0 0 0 
-28 -22 -28 -22 -48.6504 18.7207 1.87087 0 0 0 
-17 4 -17 4 -43.7878 4.28179 1.87087 0 0 0 
30 27 30 27 -33.0917 -27.7806 1.86555 0 0 0 
19 25 19 25 -25.2336 -50.2649 1.89745 0 0 0 
14 21 14 21 -22.7406 -55.9584 2.00911 0 0 0 
22 19 22 19 -34.9648 -31.4911 1.99316 0 0 0 
10 -9 10 -9 -44.5643 -12.6743 2.02506 0 0 0 
-13 1 -13 1 -52.7586 2.04197 2.06228 0 0 0 
-22 -17 -22 -17 -62.557 19.1871 2.04633 0 0 0 
-20 -14 -20 -14 -62.7688 19.6172 1.9453 0 0 0 
-19 -11 -19 -11 -60.3006 14.4242 2.01974 0 0 0 
-11 5 -11 5 -51.36 -2.06266 2.04633 0 0 0 
10 -7 10 -7 -43.1116 -16.2201 2.07823 0 0 0 
18 11 18 11 -35.333 -28.4542 2.12076 0 0 0 
19 12 19 12 -33.611 -30.8043 2.20583 0 0 0 
19 13 19 13 -34.4685 -29.6272 2.11545 0 0 0 
11 -6 11 -6 -41.9538 -17.7824 2.07823 0 0 0 
-10 7 -10 7 -49.4369 -4.85602 2.04101 0 0 0 
-15 -4 -15 -4 -56.655 8.72484 2.00911 0 0 0 
-15 -3 -15 -3 -57.6393 10.9056 1.91872 0 0 0 
-16 -5 -16 -5 -57.0488 9.59713 2.00911 0 0 0 
-13 2 -13 2 -52.6471 1.58734 2.06759 0 0 0 
-11 7 -11 7 -47.9804 -5.75238 2.1314 0 0 0 
10 -9 10 -9 -41.9764 -13.9939 2.18988 0 0 0 
10 -7 10 -7 -38.5148 -18.1006 2.26964 0 0 0 
10 -7 10 -7 -37.1187 -19.4867 2.36534 0 0 0 
11 -5 11 -5 -37.4667 -19.1393 2.26432 0 0 0 
11 -5 11 -5 -38.3977 -18.0102 2.17393 0 0 0 
11 -6 11 -6 -39.2139 -16.8086 2.08354 0 0 0 
11 -6 11 -6 -40.611 -14.283 1.99847 0 0 0 
10 -8 10 -8 -41.7695 -11.6574 1.9134 0 0 0 
10 -8 10 -8 -42.5224 -9.40029 1.82301 0 0 0 
10 -8 10 -8 -43.0506 -7.0899 1.73263 0 0 0 
10 -8 10 -8 -43.1675 -6.15175 1.63692 0 0 0 
10 -7 10 -7 -43.1863 -5.20763 1.54122 0 0 0 
11 -6 11 -6 -43.1068 -4.26618 1.44551 0 0 0 
11 -5 11 -5 -42.9297 -3.33602 1.34981 0 0 0 
11 -6 11 -6 -42.5242 -1.96943 1.25942 0 0 0 
11 -5 11 -5 -41.6272 0.242875 1.16903 0 0 0 
11 -6 11 -6 -40.3019 2.80088 1.08396 0 0 0 
11 -6 11 -6 -38.9984 4.83537 0.993574 0 0 0 
10 -8 10 -8 -37.2073 7.14154 0.908504 0 0 0 
10 -8 10 -8 -35.5373 8.93574 0.818116 0 0 0 
10 -9 10 -9 -33.6979 10.5841 0.727728 0 0 0 
10 -9 10 -9 -32.8986 11.1778 0.632024 0 0 0 
10 -8 10 -8 -32.0413 11.6986 0.536319 0 0 0 
11 -6 11 -6 -31.5869 11.919 0.435297 0 0 0 
11 -6 11 -6 -31.1106 12.0962 0.334276 0 0 0 
11 -4 11 -4 -30.1247 12.363 0.238571 0 0 0 
11 -4 11 -4 -27.6031 12.8167 0.148184 0 0 0 
11 -6 11 -6 -25.0472 13.0594 0.0577959 0 0 0 
10 -8 10 -8 -21.4501 13.1186 -0.021958 0 0 0 
10 -9 10 -9 -17.8594 12.9144 -0.101712 0 0 0 
10 -9 10 -9 -15.3176 12.5688 -0.1921 0 0 0 
10 -9 10 -9 -14.3192 12.3444 -0.287804 0 0 0 
-10 9 -10 9 -13.8345 12.1877 -0.388826 0 0 0 
10 -9 10 -9 -13.3695 11.9869 -0.489847 0 0 0 
10 -9 10 -9 -12.9288 11.744 -0.590869 0 0 0 
10 -9 10 -9 -13.3695 11.9869 -0.489847 0 0 0 
10 -9 10 -9 -12.9288 11.744 -0.590869 0 0 0 
10 -8 10 -8 -12.5171 11.4615 -0.69189 0 0 0 
11 -6 11 -6 -12.1384 11.1423 -0.792912 0 0 0 
11 -5 11 -5 -11.7968 10.7897 -0.893933 0 0 0 
12 -3 12 -3 -11.1921 10.0262 -0.989638 0 0 0 
12 -1 12 -1 -9.87989 7.9964 -1.08003 0 0 0 
14 1 14 1 -8.54355 5.4432 -1.1651 0 0 0 
22 20 22 20 -6.88893 1.47466 -1.24485 0 0 0 
-10 8 -10 8 -5.26472 -3.50086 -1.31397 0 0 0 
-10 9 -10 9 -3.5652 -10.41 -1.38309 0 0 0 
-10 9 -10 9 0.351014 -29.9183 -1.39372 0 0 0 
-10 9 -10 9 0.121788 -28.9978 -1.29802 0 0 0 
-10 7 -10 7 -0.0414581 -28.5502 -1.197 0 0 0 
-11 6 -11 6 -0.25301 -28.1199 -1.09598 0 0 0 
-12 4 -12 4 -0.510711 -27.7114 -0.994955 0 0 0 
-13 1 -13 1 -1.4078 -26.5595 -0.904567 0 0 0 
-15 -3 -15 -3 -3.08547 -24.7713 -0.81418 0 0 0 
-17 -10 -17 -10 -6.03238 -22.1373 -0.729109 0 0 0 
-25 -24 -25 -24 -10.7816 -18.522 -0.654672 0 0 0 
0 -13 0 -13 -18.2966 -13.5639 -0.590869 0 0 0 
-2 12 -2 12 -29.9647 -6.65834 -0.55365 0 0 0 
20 23 20 23 -51.4266 5.45811 -0.548333 0 0 0 
24 27 24 27 -57.005 8.83724 -0.617453 0 0 0 
28 31 28 31 -52.7066 6.24849 -0.543016 0 0 0 
6 20 6 20 -33.6906 -4.10687 -0.527066 0 0 0 
-31 -32 -31 -32 -10.9265 -16.0567 -0.511115 0 0 0 
-18 2 -18 2 15.6452 -29.4934 -0.495164 0 0 0 
-15 3 -15 3 27.6313 -34.9213 -0.420727 0 0 0 
-18 -12 -18 -12 -1.89607 -22.6961 -0.426044 0 0 0 
-25 -25 -25 -25 -9.55253 -19.9443 -0.319706 0 0 0 
-5 -16 -5 -16 -15.4927 -18.423 -0.224001 0 0 0 
-7 10 -7 10 -30.5818 -15.4964 -0.1921 0 0 0 
3 15 3 15 -43.1974 -13.242 -0.1921 0 0 0 
8 17 8 17 -53.7282 -11.0647 -0.250586 0 0 0 
11 19 11 19 -52.2189 -11.3536 -0.160198 0 0 0 
7 17 7 17 -43.0431 -12.4412 -0.0963949 0 0 0 
-1 13 -1 13 -30.2261 -13.2961 -0.0485426 0 0 0 
6 -11 6 -11 -14.8106 -13.6825 -0.00600721 0 0 0 
-23 -23 -23 -23 -2.4767 -13.4493 0.047162 0 0 0 
-19 -15 -19 -15 3.66889 -12.9717 0.121599 0 0 0 
-20 -17 -20 -17 1.10686 -13.1519 0.0312113 0 0 0 
-5 -15 -5 -15 -10.7112 -13.4909 0.0312113 0 0 0 
-2 12 -2 12 -28.1743 -14.1627 0.0524789 0 0 0 
11 18 11 18 -47.1603 -15.2185 0.0684297 0 0 0 
14 20 14 20 -57.4317 -15.6136 0.0152605 0 0 0 
14 20 14 20 -52.2992 -15.3659 0.0896974 0 0 0 
10 17 10 17 -37.4791 -13.8854 0.126916 0 0 0 
-4 12 -4 12 -20.1792 -11.599 0.158817 0 0 0 
-23 -23 -23 -23 -2.96742 -8.80682 0.190719 0 0 0 
-13 0 -13 0 10.609 -6.15694 0.227937 0 0 0 
-13 0 -13 0 14.5709 -5.14766 0.313008 0 0 0 
-19 -15 -19 -15 3.32156 -8.49273 0.313008 0 0 0 
-24 -24 -24 -24 -2.96061 -10.5837 0.382128 0 0 0 
2 -13 2 -13 -9.0706 -13.0684 0.451248 0 0 0 
-5 11 -5 11 -24.7175 -20.2246 0.472516 0 0 0 
1 14 1 14 -35.7035 -25.3838 0.472516 0 0 0 
1 14 1 14 -40.836 -27.5615 0.392762 0 0 0 
3 15 3 15 -38.04 -26.3669 0.477833 0 0 0 
2 15 2 15 -31.3205 -22.8942 0.546953 0 0 0 
0 13 0 13 -24.878 -19.0033 0.616073 0 0 0 
0 13 0 13 -17.5014 -13.8728 0.679876 0 0 0 
-7 10 -7 10 -10.9005 -8.613 0.748996 0 0 0 
7 -10 7 -10 -6.16712 -4.28012 0.818116 0 0 0 
-16 -8 -16 -8 -1.77075 0.342769 0.887236 0 0 0 
4 14 4 14 -0.852068 1.4803 0.977624 0 0 0 
-16 -8 -16 -8 -1.77075 0.342769 0.887236 0 0 0 
-7 10 -7 10 -9.35709 -8.5957 0.929771 0 0 0 
-22 -23 -22 -23 -4.0231 -1.64976 0.98294 0 0 0 
-7 10 -7 10 -10.6451 -11.2134 1.02548 0 0 0 
-5 11 -5 11 -9.90575 -9.97038 1.11586 0 0 0 
-3 12 -3 12 -20.1259 -29.0381 1.11055 0 0 0 
0 13 0 13 -19.5042 -27.7419 1.20093 0 0 0 
1 14 1 14 -18.5128 -25.0592 1.28601 0 0 0 
8 16 8 16 -17.3913 -20.9363 1.36576 0 0 0 
17 20 17 20 -16.2577 -14.8864 1.43488 0 0 0 
24 22 24 22 -15.4776 -7.83932 1.504 0 0 0 
-14 0 -14 0 -14.9161 3.48376 1.54653 0 0 0 
-7 -16 -7 -16 -14.6063 20.9571 1.56249 0 0 0 
4 -12 4 -12 -14.2841 42.6817 1.55185 0 0 0 
4 -12 4 -12 -14.1526 36.0718 1.62629 0 0 0 
0 -13 0 -13 -13.7794 25.2149 1.57844 0 0 0 
-5 -15 -5 -15 -13.9229 21.4398 1.49337 0 0 0 
-15 -19 -15 -19 -14.4149 17.6895 1.40829 0 0 0 
-25 -24 -25 -24 -15.7231 11.6694 1.33917 0 0 0 
-10 10 -10 10 -18.3482 2.53724 1.28601 0 0 0 
25 25 25 25 -23.437 -12.8257 1.26474 0 0 0 
11 18 11 18 -30.9629 -34.9122 1.27005 0 0 0 
15 20 15 20 -30.9629 -34.9122 1.37639 0 0 0 
25 26 25 26 -28.4801 -23.3267 1.37639 0 0 0 
19 13 19 13 -25.873 -9.84127 1.41361 0 0 0 
-12 2 -12 2 -23.2929 6.5186 1.4402 0 0 0 
-12 -18 -12 -18 -19.9477 30.41 1.44551 0 0 0 
-1 -14 -1 -14 -17.6321 45.3731 1.41361 0 0 0 
-2 -15 -2 -15 -18.2472 40.6849 1.48805 0 0 0 
-15 -20 -15 -20 -19.7668 26.5849 1.45615 0 0 0 
-26 -26 -26 -26 -20.9129 19.5802 1.38703 0 0 0 
-18 -9 -18 -9 -22.8055 11.743 1.31791 0 0 0 
13 0 13 0 -27.5384 -4.20558 1.29132 0 0 0 
24 23 24 23 -31.2254 -16.0094 1.29132 0 0 0 
26 28 26 28 -34.7336 -28.3467 1.33917 0 0 0 
32 32 32 32 -32.976 -22.424 1.27005 0 0 0 
16 -7 16 -7 -25.7573 -1.23891 1.26474 0 0 0 
-27 -31 -27 -31 -17.5339 23.1215 1.27537 0 0 0 
-2 -19 -2 -19 -12.7444 37.581 1.27537 0 0 0 
-3 -17 -3 -17 -11.1304 41.562 1.15308 0 0 0 
-18 -12 -18 -12 -23.5151 16.6429 1.13181 0 0 0 
-10 9 -10 9 -28.5385 7.86724 1.04143 0 0 0 
13 0 13 0 -34.0559 -0.101198 0.96699 0 0 0 
21 17 21 17 -42.6085 -11.8917 0.998891 0 0 0 
20 15 20 15 -42.8645 -12.3011 1.09991 0 0 0 
17 8 17 8 -39.6292 -6.92973 1.03079 0 0 0 
-10 9 -10 9 -29.4081 8.36524 1.00953 0 0 0 
-23 -23 -23 -23 -19.6298 22.2416 0.98294 0 0 0 
-14 -19 -14 -19 -12.2493 31.907 0.935088 0 0 0 
-11 -18 -11 -18 -12.5331 31.5135 1.03611 0 0 0 
-25 -25 -25 -25 -18.5582 22.1663 1.03611 0 0 0 
-11 10 -11 10 -27.3959 8.86235 1.00953 0 0 0 
15 3 15 3 -35.5641 -2.59515 0.972307 0 0 0 
22 19 22 19 -42.8048 -12.3508 0.972307 0 0 0 
20 16 20 16 -43.0702 -12.755 1.08396 0 0 0 
16 7 16 7 -38.4832 -5.37295 1.02016 0 0 0 
-11 6 -11 6 -27.3122 11.0483 1.00421 0 0 0 
-23 -24 -23 -24 -17.2132 25.2967 0.98294 0 0 0 
-10 -17 -10 -17 -10.4231 34.1889 0.935088 0 0 0 
-9 -17 -9 -17 -11.8538 32.2279 1.02548 0 0 0 
-14 -1 -14 -1 -24.4412 13.2793 1.02016 0 0 0 
11 -4 11 -4 -31.9221 2.53823 0.98294 0 0 0 
19 13 19 13 -39.5689 -7.53271 0.940405 0 0 0 
22 19 22 19 -43.8955 -13.3955 1.00953 0 0 0 
21 18 21 18 -41.8608 -10.6696 0.929771 0 0 0 
13 0 13 0 -31.8144 1.29798 0.89787 0 0 0 
-19 -14 -19 -14 -18.5466 16.3446 0.881919 0 0 0 
-5 -15 -5 -15 -5.67902 30.4705 0.865968 0 0 0 
-4 -15 -4 -15 -1.17664 35.0064 0.796848 0 0 0 
-23 -24 -23 -24 -12.8717 23.7161 0.823433 0 0 0 
-16 -6 -16 -6 -20.0573 16.9613 0.770264 0 0 0 
10 -9 10 -9 -27.2625 10.9043 0.711777 0 0 0 
19 13 19 13 -45.5997 -3.55097 0.70646 0 0 0 
23 20 23 20 -54.0035 -10.5032 0.75963 0 0 0 
28 26 28 26 -53.6135 -10.1957 0.658608 0 0 0 
21 14 21 14 -40.4453 -1.13779 0.626707 0 0 0 
-10 10 -10 10 -22.4381 10.6418 0.610756 0 0 0 
-6 -16 -6 -16 0.387817 25.1574 0.600122 0 0 0 
1 -13 1 -13 15.4223 34.2372 0.562904 0 0 0 
4 -12 4 -12 15.4223 34.2372 0.669242 0 0 0 
-1 -14 -1 -14 6.36986 28.0104 0.616073 0 0 0 
-7 -16 -7 -16 1.20707 24.9104 0.541636 0 0 0 
-13 -18 -13 -18 -2.40279 23.1024 0.456565 0 0 0 
-25 -25 -25 -25 -9.43608 20.2011 0.387445 0 0 0 
-12 5 -12 5 -20.4862 16.3388 0.339593 0 0 0 
13 -1 13 -1 -35.5813 11.6456 0.313008 0 0 0 
17 8 17 8 -47.8089 8.0097 0.313008 0 0 0 
18 9 18 9 -51.1779 6.85096 0.403396 0 0 0 
17 7 17 7 -45.4192 8.87985 0.328959 0 0 0 
12 -3 12 -3 -33.1617 12.4257 0.281107 0 0 0 
-10 7 -10 7 -19.7393 15.6691 0.233254 0 0 0 
0 134677216 0 134677216 -7.66538 17.995 0.180085 0 0 0 
